<?xml version="1.0" encoding="UTF-8" ?>
<testsuite tests="64" failures="0" name="cucumberOptions.TestRunner" time="0.013" errors="0" skipped="0">
  <properties>
    <property name="java.runtime.name" value="Java(TM) SE Runtime Environment"/>
    <property name="java.vm.version" value="13.0.2+8"/>
    <property name="sun.boot.library.path" value="C:\Program Files\Java\jdk-13.0.2\bin"/>
    <property name="maven.multiModuleProjectDirectory" value="C:\Users\vaibhav.vaidya\eclipse-workspace_Rahul Shetty Course\Automation"/>
    <property name="java.vm.vendor" value="Oracle Corporation"/>
    <property name="java.vendor.url" value="https://java.oracle.com/"/>
    <property name="guice.disable.misplaced.annotation.check" value="true"/>
    <property name="path.separator" value=";"/>
    <property name="java.vm.name" value="Java HotSpot(TM) 64-Bit Server VM"/>
    <property name="sun.os.patch.level" value=""/>
    <property name="user.script" value=""/>
    <property name="user.country" value="US"/>
    <property name="sun.java.launcher" value="SUN_STANDARD"/>
    <property name="test" value="TestRunner"/>
    <property name="java.vm.specification.name" value="Java Virtual Machine Specification"/>
    <property name="user.dir" value="C:\Users\vaibhav.vaidya\eclipse-workspace_Rahul Shetty Course\Automation"/>
    <property name="java.vm.compressedOopsMode" value="Zero based"/>
    <property name="java.runtime.version" value="13.0.2+8"/>
    <property name="os.arch" value="amd64"/>
    <property name="java.io.tmpdir" value="C:\Users\VAIBHA~1.VAI\AppData\Local\Temp\"/>
    <property name="line.separator" value="
"/>
    <property name="java.vm.specification.vendor" value="Oracle Corporation"/>
    <property name="user.variant" value=""/>
    <property name="os.name" value="Windows 10"/>
    <property name="classworlds.conf" value="C:\Users\vaibhav.vaidya\OneDrive - Accenture\Desktop\Selenium\apache-maven-3.6.3\bin\..\bin\m2.conf"/>
    <property name="sun.jnu.encoding" value="Cp1252"/>
    <property name="java.library.path" value="C:\Program Files\Java\jdk-13.0.2\bin;C:\windows\Sun\Java\bin;C:\windows\system32;C:\windows;C:\Program Files (x86)\Common Files\Oracle\Java\javapath;C:\Program Files (x86)\RSA SecurID Token Common;C:\windows\system32;C:\windows;C:\windows\System32\Wbem;C:\windows\System32\WindowsPowerShell\v1.0\;C:\windows\System32\OpenSSH\;C:\Program Files\Java\jdk-13.0.2\bin;C:\Program Files\Java\jre1.8.0_241\bin;C:\Users\vaibhav.vaidya\OneDrive - Accenture\Desktop\Selenium\apache-maven-3.6.3\bin;C:\Users\vaibhav.vaidya\Git\cmd;C:\Users\vaibhav.vaidya\OneDrive - Accenture\Desktop\Ant\apache-ant-1.9.14\bin;C:\Program Files\MySQL\MySQL Shell 8.0\bin\;C:\Users\vaibhav.vaidya\AppData\Local\Microsoft\WindowsApps;;."/>
    <property name="maven.conf" value="C:\Users\vaibhav.vaidya\OneDrive - Accenture\Desktop\Selenium\apache-maven-3.6.3\bin\../conf"/>
    <property name="jdk.debug" value="release"/>
    <property name="java.class.version" value="57.0"/>
    <property name="java.specification.name" value="Java Platform API Specification"/>
    <property name="sun.management.compiler" value="HotSpot 64-Bit Tiered Compilers"/>
    <property name="os.version" value="10.0"/>
    <property name="library.jansi.path" value="C:\Users\vaibhav.vaidya\OneDrive - Accenture\Desktop\Selenium\apache-maven-3.6.3\bin\..\lib\jansi-native"/>
    <property name="user.home" value="C:\Users\vaibhav.vaidya"/>
    <property name="user.timezone" value="Asia/Calcutta"/>
    <property name="file.encoding" value="Cp1252"/>
    <property name="java.specification.version" value="13"/>
    <property name="user.name" value="vaibhav.vaidya"/>
    <property name="java.class.path" value="C:\Users\vaibhav.vaidya\OneDrive - Accenture\Desktop\Selenium\apache-maven-3.6.3\bin\..\boot\plexus-classworlds-2.6.0.jar"/>
    <property name="java.vm.specification.version" value="13"/>
    <property name="sun.arch.data.model" value="64"/>
    <property name="sun.java.command" value="org.codehaus.plexus.classworlds.launcher.Launcher -Dtest=TestRunner test"/>
    <property name="java.home" value="C:\Program Files\Java\jdk-13.0.2"/>
    <property name="user.language" value="en"/>
    <property name="java.specification.vendor" value="Oracle Corporation"/>
    <property name="java.vm.info" value="mixed mode, sharing"/>
    <property name="java.version" value="13.0.2"/>
    <property name="java.vendor" value="Oracle Corporation"/>
    <property name="sun.stderr.encoding" value="cp437"/>
    <property name="maven.home" value="C:\Users\vaibhav.vaidya\OneDrive - Accenture\Desktop\Selenium\apache-maven-3.6.3\bin\.."/>
    <property name="file.separator" value="\"/>
    <property name="java.version.date" value="2020-01-14"/>
    <property name="java.vendor.url.bug" value="https://bugreport.java.com/bugreport/"/>
    <property name="sun.io.unicode.encoding" value="UnicodeLittle"/>
    <property name="sun.cpu.endian" value="little"/>
    <property name="sun.stdout.encoding" value="cp437"/>
    <property name="sun.cpu.isalist" value="amd64"/>
  </properties>
  <testcase classname="Scenario: Home Page Default Login" name="Given Validate the browser" time="0.006"/>
  <testcase classname="Scenario: Home Page Default Login" name="When Browser is triggered" time="0"/>
  <testcase classname="Scenario: Home Page Default Login" name="Then Check if browser is started" time="0.002"/>
  <testcase classname="Scenario: Home Page Default Login" name="Given User is on Netbanking landing page" time="0"/>
  <testcase classname="Scenario: Home Page Default Login" name="When User login in to application with username and password" time="0"/>
  <testcase classname="Scenario: Home Page Default Login" name="Then Home Page is Displayed" time="0"/>
  <testcase classname="Scenario: Home Page Default Login" name="And Cards are displayed" time="0"/>
  <testcase classname="Scenario: Home Page Default Login" name="Scenario: Home Page Default Login" time="0.001"/>
  <testcase classname="Scenario: Home Page Default Login" name="Given Validate the browser" time="0"/>
  <testcase classname="Scenario: Home Page Default Login" name="When Browser is triggered" time="0"/>
  <testcase classname="Scenario: Home Page Default Login" name="Then Check if browser is started" time="0"/>
  <testcase classname="Scenario: Home Page Default Login" name="Given User is on Netbanking landing page" time="0"/>
  <testcase classname="Scenario: Home Page Default Login" name="When User login in to application with username &quot;john&quot; and password &quot;123&quot;" time="0"/>
  <testcase classname="Scenario: Home Page Default Login" name="Then Home Page is Displayed" time="0"/>
  <testcase classname="Scenario: Home Page Default Login" name="And Cards displayed are &quot;true&quot;" time="0"/>
  <testcase classname="Scenario: Home Page Default Login" name="Scenario: Home Page Default Login" time="0"/>
  <testcase classname="Scenario: Home Page Default Login" name="Given Validate the browser" time="0"/>
  <testcase classname="Scenario: Home Page Default Login" name="When Browser is triggered" time="0"/>
  <testcase classname="Scenario: Home Page Default Login" name="Then Check if browser is started" time="0"/>
  <testcase classname="Scenario: Home Page Default Login" name="Given User is on Netbanking landing page" time="0"/>
  <testcase classname="Scenario: Home Page Default Login" name="When User login in to application with username &quot;sam&quot; and password &quot;abc&quot;" time="0"/>
  <testcase classname="Scenario: Home Page Default Login" name="Then Home Page is Displayed" time="0"/>
  <testcase classname="Scenario: Home Page Default Login" name="And Cards displayed are &quot;false&quot;" time="0"/>
  <testcase classname="Scenario: Home Page Default Login" name="Scenario: Home Page Default Login" time="0.001"/>
  <testcase classname="Scenario: Home Page Default Login" name="Given Validate the browser" time="0"/>
  <testcase classname="Scenario: Home Page Default Login" name="When Browser is triggered" time="0"/>
  <testcase classname="Scenario: Home Page Default Login" name="Then Check if browser is started" time="0"/>
  <testcase classname="Scenario: Home Page Default Login" name="Given User is on Netbanking landing page" time="0"/>
  <testcase classname="Scenario: Home Page Default Login" name="When User need to signup with below details" time="0"/>
  <testcase classname="Scenario: Home Page Default Login" name="Then Home Page is Displayed" time="0"/>
  <testcase classname="Scenario: Home Page Default Login" name="And Cards displayed are &quot;false&quot;" time="0"/>
  <testcase classname="Scenario: Home Page Default Login" name="Scenario: Home Page Default Login" time="0.001"/>
  <testcase classname="| user1 | pass1 |" name="Given Validate the browser" time="0"/>
  <testcase classname="| user1 | pass1 |" name="When Browser is triggered" time="0"/>
  <testcase classname="| user1 | pass1 |" name="Then Check if browser is started" time="0"/>
  <testcase classname="| user1 | pass1 |" name="Given User is on Netbanking landing page" time="0"/>
  <testcase classname="| user1 | pass1 |" name="When User Login in to application with username user1 and password pass1" time="0"/>
  <testcase classname="| user1 | pass1 |" name="Then Home Page is Displayed" time="0"/>
  <testcase classname="| user1 | pass1 |" name="And Cards displayed are &quot;true&quot;" time="0"/>
  <testcase classname="| user1 | pass1 |" name="| user1 | pass1 |" time="0.001"/>
  <testcase classname="| user2 | pass2 |" name="Given Validate the browser" time="0"/>
  <testcase classname="| user2 | pass2 |" name="When Browser is triggered" time="0.001"/>
  <testcase classname="| user2 | pass2 |" name="Then Check if browser is started" time="0"/>
  <testcase classname="| user2 | pass2 |" name="Given User is on Netbanking landing page" time="0"/>
  <testcase classname="| user2 | pass2 |" name="When User Login in to application with username user2 and password pass2" time="0"/>
  <testcase classname="| user2 | pass2 |" name="Then Home Page is Displayed" time="0"/>
  <testcase classname="| user2 | pass2 |" name="And Cards displayed are &quot;true&quot;" time="0"/>
  <testcase classname="| user2 | pass2 |" name="| user2 | pass2 |" time="0"/>
  <testcase classname="| user3 | pass3 |" name="Given Validate the browser" time="0"/>
  <testcase classname="| user3 | pass3 |" name="When Browser is triggered" time="0"/>
  <testcase classname="| user3 | pass3 |" name="Then Check if browser is started" time="0"/>
  <testcase classname="| user3 | pass3 |" name="Given User is on Netbanking landing page" time="0"/>
  <testcase classname="| user3 | pass3 |" name="When User Login in to application with username user3 and password pass3" time="0"/>
  <testcase classname="| user3 | pass3 |" name="Then Home Page is Displayed" time="0"/>
  <testcase classname="| user3 | pass3 |" name="And Cards displayed are &quot;true&quot;" time="0"/>
  <testcase classname="| user3 | pass3 |" name="| user3 | pass3 |" time="0"/>
  <testcase classname="| user4 | pass4 |" name="Given Validate the browser" time="0"/>
  <testcase classname="| user4 | pass4 |" name="When Browser is triggered" time="0"/>
  <testcase classname="| user4 | pass4 |" name="Then Check if browser is started" time="0"/>
  <testcase classname="| user4 | pass4 |" name="Given User is on Netbanking landing page" time="0"/>
  <testcase classname="| user4 | pass4 |" name="When User Login in to application with username user4 and password pass4" time="0"/>
  <testcase classname="| user4 | pass4 |" name="Then Home Page is Displayed" time="0"/>
  <testcase classname="| user4 | pass4 |" name="And Cards displayed are &quot;true&quot;" time="0"/>
  <testcase classname="| user4 | pass4 |" name="| user4 | pass4 |" time="0"/>
</testsuite>